<?xml version="1.0" encoding="UTF-8"?><testsuite errors="1" failures="0" name="Realizar la busqueda y seleccion de 1 producto" skipped="0" tests="1" time="12.33" timestamp="2022-02-21 01:35:52"><testcase name="Se busca un producto y luego se selecciona."><error message="no such element: Unable to locate element: {&quot;method&quot;:&quot;xpath&quot;,&quot;selector&quot;:&quot;//a[@class='glass-product-card__assets-link']/img[@title='Tenis Bravada The Simpsons'][1]&quot;}&#10;  (Session info: chrome=98.0.4758.102)&#10;For documentation on this error, please visit: https://www.seleniumhq.org/exceptions/no_such_element.html&#10;Build info: version: '3.141.59', revision: 'e82be7d358', time: '2018-11-14T08:17:03'&#10;System info: host: 'localhost.localdomain', ip: 'Unknown', os.name: 'Linux', os.arch: 'amd64', os.version: '5.3.18-150300.59.49-default', java.version: '1.8.0_322'&#10;Driver info: org.openqa.selenium.chrome.ChromeDriver&#10;Capabilities {acceptInsecureCerts: false, browserName: chrome, browserVersion: 98.0.4758.102, chrome: {chromedriverVersion: 97.0.4692.71 (adefa7837d02a..., userDataDir: /tmp/.com.google.Chrome.da6VZy}, goog:chromeOptions: {debuggerAddress: localhost:44015}, javascriptEnabled: true, networkConnectionEnabled: false, pageLoadStrategy: normal, platform: LINUX, platformName: LINUX, proxy: Proxy(), setWindowRect: true, strictFileInteractability: false, timeouts: {implicit: 0, pageLoad: 300000, script: 30000}, unhandledPromptBehavior: dismiss and notify, webauthn:extension:credBlob: true, webauthn:extension:largeBlob: true, webauthn:virtualAuthenticators: true}&#10;Session ID: aa4b5ee291e9cd1f59af6d6433365f07&#10;*** Element info: {Using=xpath, value=//a[@class='glass-product-card__assets-link']/img[@title='Tenis Bravada The Simpsons'][1]}&#10;For documentation on this error, please visit: https://www.seleniumhq.org/exceptions/no_such_element.html&#10;Build info: version: '3.141.59', revision: 'e82be7d358', time: '2018-11-14T08:17:03'&#10;System info: host: 'localhost.localdomain', ip: 'Unknown', os.name: 'Linux', os.arch: 'amd64', os.version: '5.3.18-150300.59.49-default', java.version: '1.8.0_322'&#10;Driver info: driver.version: unknown" type="org.openqa.selenium.NoSuchElementException">no such element: Unable to locate element: {"method":"xpath","selector":"//a[@class='glass-product-card__assets-link']/img[@title='Tenis Bravada The Simpsons'][1]"}
  (Session info: chrome=98.0.4758.102)
For documentation on this error, please visit: https://www.seleniumhq.org/exceptions/no_such_element.html
Build info: version: '3.141.59', revision: 'e82be7d358', time: '2018-11-14T08:17:03'
System info: host: 'localhost.localdomain', ip: 'Unknown', os.name: 'Linux', os.arch: 'amd64', os.version: '5.3.18-150300.59.49-default', java.version: '1.8.0_322'
Driver info: org.openqa.selenium.chrome.ChromeDriver
Capabilities {acceptInsecureCerts: false, browserName: chrome, browserVersion: 98.0.4758.102, chrome: {chromedriverVersion: 97.0.4692.71 (adefa7837d02a..., userDataDir: /tmp/.com.google.Chrome.da6VZy}, goog:chromeOptions: {debuggerAddress: localhost:44015}, javascriptEnabled: true, networkConnectionEnabled: false, pageLoadStrategy: normal, platform: LINUX, platformName: LINUX, proxy: Proxy(), setWindowRect: true, strictFileInteractability: false, timeouts: {implicit: 0, pageLoad: 300000, script: 30000}, unhandledPromptBehavior: dismiss and notify, webauthn:extension:credBlob: true, webauthn:extension:largeBlob: true, webauthn:virtualAuthenticators: true}
Session ID: aa4b5ee291e9cd1f59af6d6433365f07
*** Element info: {Using=xpath, value=//a[@class='glass-product-card__assets-link']/img[@title='Tenis Bravada The Simpsons'][1]}
For documentation on this error, please visit: https://www.seleniumhq.org/exceptions/no_such_element.html
Build info: version: '3.141.59', revision: 'e82be7d358', time: '2018-11-14T08:17:03'
System info: host: 'localhost.localdomain', ip: 'Unknown', os.name: 'Linux', os.arch: 'amd64', os.version: '5.3.18-150300.59.49-default', java.version: '1.8.0_322'
Driver info: driver.version: unknown</error><system-err>no such element: Unable to locate element: {"method":"xpath","selector":"//a[@class='glass-product-card__assets-link']/img[@title='Tenis Bravada The Simpsons'][1]"}
  (Session info: chrome=98.0.4758.102)
For documentation on this error, please visit: https://www.seleniumhq.org/exceptions/no_such_element.html
Build info: version: '3.141.59', revision: 'e82be7d358', time: '2018-11-14T08:17:03'
System info: host: 'localhost.localdomain', ip: 'Unknown', os.name: 'Linux', os.arch: 'amd64', os.version: '5.3.18-150300.59.49-default', java.version: '1.8.0_322'
Driver info: org.openqa.selenium.chrome.ChromeDriver
Capabilities {acceptInsecureCerts: false, browserName: chrome, browserVersion: 98.0.4758.102, chrome: {chromedriverVersion: 97.0.4692.71 (adefa7837d02a..., userDataDir: /tmp/.com.google.Chrome.da6VZy}, goog:chromeOptions: {debuggerAddress: localhost:44015}, javascriptEnabled: true, networkConnectionEnabled: false, pageLoadStrategy: normal, platform: LINUX, platformName: LINUX, proxy: Proxy(), setWindowRect: true, strictFileInteractability: false, timeouts: {implicit: 0, pageLoad: 300000, script: 30000}, unhandledPromptBehavior: dismiss and notify, webauthn:extension:credBlob: true, webauthn:extension:largeBlob: true, webauthn:virtualAuthenticators: true}
Session ID: aa4b5ee291e9cd1f59af6d6433365f07
*** Element info: {Using=xpath, value=//a[@class='glass-product-card__assets-link']/img[@title='Tenis Bravada The Simpsons'][1]}
For documentation on this error, please visit: https://www.seleniumhq.org/exceptions/no_such_element.html
Build info: version: '3.141.59', revision: 'e82be7d358', time: '2018-11-14T08:17:03'
System info: host: 'localhost.localdomain', ip: 'Unknown', os.name: 'Linux', os.arch: 'amd64', os.version: '5.3.18-150300.59.49-default', java.version: '1.8.0_322'
Driver info: driver.version: unknown
steps.AdidasStep.darClick(AdidasStep.java:21)
steps.AdidasStep.buscarDesdeExcel(AdidasStep.java:70)
stepDefinitions.AdidasBusqProdStepDefinitions.realizoLaBusquedaDeUnProducto(AdidasBusqProdStepDefinitions.java:26)
✽.realizo la busqueda de un producto(src/test/resources/features/adidasBusqProd.feature:5)
</system-err></testcase></testsuite>